[[1;34mINFO[m] Scanning for projects...
[[1;34mINFO[m] 
[[1;34mINFO[m] [1m---------------------< [0;36mcom.example:merged-project[0;1m >---------------------[m
[[1;34mINFO[m] [1mBuilding merged-project 0.0.1-SNAPSHOT[m
[[1;34mINFO[m] [1m--------------------------------[ war ]---------------------------------[m
[[1;34mINFO[m] 
[[1;34mINFO[m] [1m>>> [0;32mspring-boot-maven-plugin:3.4.4:run[m [1m(default-cli)[0;1m > [0;1mtest-compile[m @ [36mmerged-project[0;1m >>>[m
[[1;34mINFO[m] 
[[1;34mINFO[m] [1m--- [0;32mmaven-resources-plugin:3.3.1:resources[m [1m(default-resources)[m @ [36mmerged-project[0;1m ---[m
[[1;34mINFO[m] Copying 1 resource from src/main/resources to target/classes
[[1;34mINFO[m] Copying 5 resources from src/main/resources to target/classes
[[1;34mINFO[m] 
[[1;34mINFO[m] [1m--- [0;32mmaven-compiler-plugin:3.13.0:compile[m [1m(default-compile)[m @ [36mmerged-project[0;1m ---[m
[[1;34mINFO[m] Nothing to compile - all classes are up to date.
[[1;34mINFO[m] 
[[1;34mINFO[m] [1m--- [0;32mmaven-resources-plugin:3.3.1:testResources[m [1m(default-testResources)[m @ [36mmerged-project[0;1m ---[m
[[1;34mINFO[m] skip non existing resourceDirectory /home/bxs/AIMSspringboot-react/src/test/resources
[[1;34mINFO[m] 
[[1;34mINFO[m] [1m--- [0;32mmaven-compiler-plugin:3.13.0:testCompile[m [1m(default-testCompile)[m @ [36mmerged-project[0;1m ---[m
[[1;34mINFO[m] No sources to compile
[[1;34mINFO[m] 
[[1;34mINFO[m] [1m<<< [0;32mspring-boot-maven-plugin:3.4.4:run[m [1m(default-cli)[0;1m < [0;1mtest-compile[m @ [36mmerged-project[0;1m <<<[m
[[1;34mINFO[m] 
[[1;34mINFO[m] 
[[1;34mINFO[m] [1m--- [0;32mspring-boot-maven-plugin:3.4.4:run[m [1m(default-cli)[m @ [36mmerged-project[0;1m ---[m
[[1;34mINFO[m] Attaching agents: []

  .   ____          _            __ _ _
 /\\ / ___'_ __ _ _(_)_ __  __ _ \ \ \ \
( ( )\___ | '_ | '_| | '_ \/ _` | \ \ \ \
 \\/  ___)| |_)| | | | | || (_| |  ) ) ) )
  '  |____| .__|_| |_|_| |_\__, | / / / /
 =========|_|==============|___/=/_/_/_/

 :: Spring Boot ::                (v3.4.4)

2025-06-27T02:14:47.045+07:00  INFO 178212 --- [demo] [  restartedMain] c.itss.ecommerce.EcommerceApplication    : Starting EcommerceApplication using Java 21.0.6 with PID 178212 (/home/bxs/AIMSspringboot-react/target/classes started by bxs in /home/bxs/AIMSspringboot-react)
2025-06-27T02:14:47.047+07:00 DEBUG 178212 --- [demo] [  restartedMain] c.itss.ecommerce.EcommerceApplication    : Running with Spring Boot v3.4.4, Spring v6.2.5
2025-06-27T02:14:47.048+07:00  INFO 178212 --- [demo] [  restartedMain] c.itss.ecommerce.EcommerceApplication    : No active profile set, falling back to 1 default profile: "default"
2025-06-27T02:14:47.090+07:00  INFO 178212 --- [demo] [  restartedMain] .e.DevToolsPropertyDefaultsPostProcessor : Devtools property defaults active! Set 'spring.devtools.add-properties' to 'false' to disable
2025-06-27T02:14:47.090+07:00  INFO 178212 --- [demo] [  restartedMain] .e.DevToolsPropertyDefaultsPostProcessor : For additional web related logging consider setting the 'logging.level.web' property to 'DEBUG'
2025-06-27T02:14:47.762+07:00  INFO 178212 --- [demo] [  restartedMain] .s.d.r.c.RepositoryConfigurationDelegate : Multiple Spring Data modules found, entering strict repository configuration mode
2025-06-27T02:14:47.762+07:00  INFO 178212 --- [demo] [  restartedMain] .s.d.r.c.RepositoryConfigurationDelegate : Bootstrapping Spring Data JPA repositories in DEFAULT mode.
2025-06-27T02:14:47.835+07:00  INFO 178212 --- [demo] [  restartedMain] .s.d.r.c.RepositoryConfigurationDelegate : Finished Spring Data repository scanning in 65 ms. Found 12 JPA repository interfaces.
2025-06-27T02:14:48.484+07:00  INFO 178212 --- [demo] [  restartedMain] o.s.b.w.embedded.tomcat.TomcatWebServer  : Tomcat initialized with port 8080 (http)
2025-06-27T02:14:48.496+07:00  INFO 178212 --- [demo] [  restartedMain] o.apache.catalina.core.StandardService   : Starting service [Tomcat]
2025-06-27T02:14:48.496+07:00  INFO 178212 --- [demo] [  restartedMain] o.apache.catalina.core.StandardEngine    : Starting Servlet engine: [Apache Tomcat/10.1.39]
2025-06-27T02:14:48.659+07:00  INFO 178212 --- [demo] [  restartedMain] org.apache.jasper.servlet.TldScanner     : At least one JAR was scanned for TLDs yet contained no TLDs. Enable debug logging for this logger for a complete list of JARs that were scanned but no TLDs were found in them. Skipping unneeded JARs during scanning can improve startup time and JSP compilation time.
2025-06-27T02:14:48.665+07:00  INFO 178212 --- [demo] [  restartedMain] o.a.c.c.C.[Tomcat].[localhost].[/]       : Initializing Spring embedded WebApplicationContext
2025-06-27T02:14:48.666+07:00  INFO 178212 --- [demo] [  restartedMain] w.s.c.ServletWebServerApplicationContext : Root WebApplicationContext: initialization completed in 1575 ms
2025-06-27T02:14:48.790+07:00  INFO 178212 --- [demo] [  restartedMain] o.hibernate.jpa.internal.util.LogHelper  : HHH000204: Processing PersistenceUnitInfo [name: default]
2025-06-27T02:14:48.829+07:00  INFO 178212 --- [demo] [  restartedMain] org.hibernate.Version                    : HHH000412: Hibernate ORM core version 6.6.11.Final
2025-06-27T02:14:48.866+07:00  INFO 178212 --- [demo] [  restartedMain] o.h.c.internal.RegionFactoryInitiator    : HHH000026: Second-level cache disabled
2025-06-27T02:14:49.090+07:00  INFO 178212 --- [demo] [  restartedMain] o.s.o.j.p.SpringPersistenceUnitInfo      : No LoadTimeWeaver setup: ignoring JPA class transformer
2025-06-27T02:14:49.111+07:00  INFO 178212 --- [demo] [  restartedMain] com.zaxxer.hikari.HikariDataSource       : HikariPool-1 - Starting...
2025-06-27T02:14:49.229+07:00  INFO 178212 --- [demo] [  restartedMain] com.zaxxer.hikari.pool.HikariPool        : HikariPool-1 - Added connection org.sqlite.jdbc4.JDBC4Connection@327a0800
2025-06-27T02:14:49.231+07:00  INFO 178212 --- [demo] [  restartedMain] com.zaxxer.hikari.HikariDataSource       : HikariPool-1 - Start completed.
2025-06-27T02:14:49.261+07:00  INFO 178212 --- [demo] [  restartedMain] org.hibernate.orm.connections.pooling    : HHH10001005: Database info:
	Database JDBC URL [Connecting through datasource 'HikariDataSource (HikariPool-1)']
	Database driver: undefined/unknown
	Database version: 3.47.2
	Autocommit mode: undefined/unknown
	Isolation level: undefined/unknown
	Minimum pool size: undefined/unknown
	Maximum pool size: undefined/unknown
2025-06-27T02:14:50.142+07:00 DEBUG 178212 --- [demo] [  restartedMain] org.hibernate.SQL                        : 
    create table HT_product(product_id bigint not null, hib_sess_id char(36) not null, primary key (product_id, hib_sess_id))
Hibernate: 
    create table HT_product(product_id bigint not null, hib_sess_id char(36) not null, primary key (product_id, hib_sess_id))
2025-06-27T02:14:50.148+07:00 DEBUG 178212 --- [demo] [  restartedMain] org.hibernate.SQL                        : 
    create table HTE_product(duration_minutes integer, page_count integer, price integer, product_value integer, quantity integer, rpm integer, rush_order_supported boolean, weight float, HTE_IDENTITY integer, created_at timestamp, product_id bigint, size_inches float, updated_at timestamp, user_id bigint, rating varchar(10), type varchar(31) not null, hib_sess_id char(36) not null, barcode varchar(50), cover_type varchar(50), dvd_type varchar(50), genre varchar(100), genre varchar(100), genre varchar(100), publishers varchar(200), record_label varchar(200), studio varchar(200), artists varchar(500), authors varchar(500), directors varchar(500), image_url varchar(500), artist varchar(255), condition varchar(255), dimensions varchar(255), import_date varchar(255), introduction TEXT, music_type varchar(255), publication_date varchar(255), record_label varchar(255), release_date varchar(255), release_date varchar(255), release_date varchar(255), sleeve_condition varchar(255), title varchar(255), track_list TEXT, tracklist TEXT, type varchar(255), vinyl_condition varchar(255), primary key (HTE_IDENTITY, hib_sess_id))
Hibernate: 
    create table HTE_product(duration_minutes integer, page_count integer, price integer, product_value integer, quantity integer, rpm integer, rush_order_supported boolean, weight float, HTE_IDENTITY integer, created_at timestamp, product_id bigint, size_inches float, updated_at timestamp, user_id bigint, rating varchar(10), type varchar(31) not null, hib_sess_id char(36) not null, barcode varchar(50), cover_type varchar(50), dvd_type varchar(50), genre varchar(100), genre varchar(100), genre varchar(100), publishers varchar(200), record_label varchar(200), studio varchar(200), artists varchar(500), authors varchar(500), directors varchar(500), image_url varchar(500), artist varchar(255), condition varchar(255), dimensions varchar(255), import_date varchar(255), introduction TEXT, music_type varchar(255), publication_date varchar(255), record_label varchar(255), release_date varchar(255), release_date varchar(255), release_date varchar(255), sleeve_condition varchar(255), title varchar(255), track_list TEXT, tracklist TEXT, type varchar(255), vinyl_condition varchar(255), primary key (HTE_IDENTITY, hib_sess_id))
2025-06-27T02:14:50.149+07:00 DEBUG 178212 --- [demo] [  restartedMain] org.hibernate.SQL                        : 
    create table HTE_dvd(duration_minutes integer, price integer, product_value integer, quantity integer, rush_order_supported boolean, weight float, HTE_IDENTITY integer, created_at timestamp, product_id bigint, updated_at timestamp, user_id bigint, rating varchar(10), type varchar(31) not null, hib_sess_id char(36) not null, barcode varchar(50), dvd_type varchar(50), genre varchar(100), studio varchar(200), directors varchar(500), image_url varchar(500), condition varchar(255), dimensions varchar(255), import_date varchar(255), introduction TEXT, release_date varchar(255), title varchar(255), type varchar(255), primary key (HTE_IDENTITY, hib_sess_id))
Hibernate: 
    create table HTE_dvd(duration_minutes integer, price integer, product_value integer, quantity integer, rush_order_supported boolean, weight float, HTE_IDENTITY integer, created_at timestamp, product_id bigint, updated_at timestamp, user_id bigint, rating varchar(10), type varchar(31) not null, hib_sess_id char(36) not null, barcode varchar(50), dvd_type varchar(50), genre varchar(100), studio varchar(200), directors varchar(500), image_url varchar(500), condition varchar(255), dimensions varchar(255), import_date varchar(255), introduction TEXT, release_date varchar(255), title varchar(255), type varchar(255), primary key (HTE_IDENTITY, hib_sess_id))
2025-06-27T02:14:50.151+07:00 DEBUG 178212 --- [demo] [  restartedMain] org.hibernate.SQL                        : 
    create table HTE_book(page_count integer, price integer, product_value integer, quantity integer, rush_order_supported boolean, weight float, HTE_IDENTITY integer, created_at timestamp, product_id bigint, updated_at timestamp, user_id bigint, type varchar(31) not null, hib_sess_id char(36) not null, barcode varchar(50), cover_type varchar(50), genre varchar(100), publishers varchar(200), authors varchar(500), image_url varchar(500), condition varchar(255), dimensions varchar(255), import_date varchar(255), introduction TEXT, publication_date varchar(255), title varchar(255), type varchar(255), primary key (HTE_IDENTITY, hib_sess_id))
Hibernate: 
    create table HTE_book(page_count integer, price integer, product_value integer, quantity integer, rush_order_supported boolean, weight float, HTE_IDENTITY integer, created_at timestamp, product_id bigint, updated_at timestamp, user_id bigint, type varchar(31) not null, hib_sess_id char(36) not null, barcode varchar(50), cover_type varchar(50), genre varchar(100), publishers varchar(200), authors varchar(500), image_url varchar(500), condition varchar(255), dimensions varchar(255), import_date varchar(255), introduction TEXT, publication_date varchar(255), title varchar(255), type varchar(255), primary key (HTE_IDENTITY, hib_sess_id))
2025-06-27T02:14:50.152+07:00 DEBUG 178212 --- [demo] [  restartedMain] org.hibernate.SQL                        : 
    create table HTE_lp(price integer, product_value integer, quantity integer, rpm integer, rush_order_supported boolean, weight float, HTE_IDENTITY integer, created_at timestamp, product_id bigint, size_inches float, updated_at timestamp, user_id bigint, type varchar(31) not null, hib_sess_id char(36) not null, barcode varchar(50), image_url varchar(500), artist varchar(255), condition varchar(255), dimensions varchar(255), import_date varchar(255), introduction TEXT, music_type varchar(255), record_label varchar(255), release_date varchar(255), sleeve_condition varchar(255), title varchar(255), tracklist TEXT, type varchar(255), vinyl_condition varchar(255), primary key (HTE_IDENTITY, hib_sess_id))
Hibernate: 
    create table HTE_lp(price integer, product_value integer, quantity integer, rpm integer, rush_order_supported boolean, weight float, HTE_IDENTITY integer, created_at timestamp, product_id bigint, size_inches float, updated_at timestamp, user_id bigint, type varchar(31) not null, hib_sess_id char(36) not null, barcode varchar(50), image_url varchar(500), artist varchar(255), condition varchar(255), dimensions varchar(255), import_date varchar(255), introduction TEXT, music_type varchar(255), record_label varchar(255), release_date varchar(255), sleeve_condition varchar(255), title varchar(255), tracklist TEXT, type varchar(255), vinyl_condition varchar(255), primary key (HTE_IDENTITY, hib_sess_id))
2025-06-27T02:14:50.153+07:00 DEBUG 178212 --- [demo] [  restartedMain] org.hibernate.SQL                        : 
    create table HTE_cd(price integer, product_value integer, quantity integer, rush_order_supported boolean, weight float, HTE_IDENTITY integer, created_at timestamp, product_id bigint, updated_at timestamp, user_id bigint, type varchar(31) not null, hib_sess_id char(36) not null, barcode varchar(50), genre varchar(100), record_label varchar(200), artists varchar(500), image_url varchar(500), condition varchar(255), dimensions varchar(255), import_date varchar(255), introduction TEXT, release_date varchar(255), title varchar(255), track_list TEXT, type varchar(255), primary key (HTE_IDENTITY, hib_sess_id))
Hibernate: 
    create table HTE_cd(price integer, product_value integer, quantity integer, rush_order_supported boolean, weight float, HTE_IDENTITY integer, created_at timestamp, product_id bigint, updated_at timestamp, user_id bigint, type varchar(31) not null, hib_sess_id char(36) not null, barcode varchar(50), genre varchar(100), record_label varchar(200), artists varchar(500), image_url varchar(500), condition varchar(255), dimensions varchar(255), import_date varchar(255), introduction TEXT, release_date varchar(255), title varchar(255), track_list TEXT, type varchar(255), primary key (HTE_IDENTITY, hib_sess_id))
2025-06-27T02:14:50.284+07:00  INFO 178212 --- [demo] [  restartedMain] o.h.e.t.j.p.i.JtaPlatformInitiator       : HHH000489: No JTA platform available (set 'hibernate.transaction.jta.platform' to enable JTA platform integration)
2025-06-27T02:14:50.316+07:00 DEBUG 178212 --- [demo] [  restartedMain] org.hibernate.SQL                        : 
    alter table daily_operation_tracker 
       drop constraint UKenk1xmd0sbhl6des3w1npxred
Hibernate: 
    alter table daily_operation_tracker 
       drop constraint UKenk1xmd0sbhl6des3w1npxred
2025-06-27T02:14:50.318+07:00  INFO 178212 --- [demo] [  restartedMain] j.LocalContainerEntityManagerFactoryBean : Initialized JPA EntityManagerFactory for persistence unit 'default'
2025-06-27T02:14:50.512+07:00  INFO 178212 --- [demo] [  restartedMain] o.s.d.j.r.query.QueryEnhancerFactory     : Hibernate is in classpath; If applicable, HQL parser will be used.
2025-06-27T02:14:53.233+07:00  WARN 178212 --- [demo] [  restartedMain] JpaBaseConfiguration$JpaWebConfiguration : spring.jpa.open-in-view is enabled by default. Therefore, database queries may be performed during view rendering. Explicitly configure spring.jpa.open-in-view to disable this warning
2025-06-27T02:14:53.252+07:00  INFO 178212 --- [demo] [  restartedMain] o.s.b.a.w.s.WelcomePageHandlerMapping    : Adding welcome page template: index
2025-06-27T02:14:53.348+07:00 DEBUG 178212 --- [demo] [  restartedMain] s.w.s.m.m.a.RequestMappingHandlerMapping : 76 mappings in 'requestMappingHandlerMapping'
2025-06-27T02:14:53.414+07:00 DEBUG 178212 --- [demo] [  restartedMain] o.s.w.s.handler.SimpleUrlHandlerMapping  : Patterns [/webjars/**, /**] in 'resourceHandlerMapping'
2025-06-27T02:14:53.443+07:00 DEBUG 178212 --- [demo] [  restartedMain] s.w.s.m.m.a.RequestMappingHandlerAdapter : ControllerAdvice beans: 0 @ModelAttribute, 0 @InitBinder, 1 RequestBodyAdvice, 1 ResponseBodyAdvice
2025-06-27T02:14:53.499+07:00 DEBUG 178212 --- [demo] [  restartedMain] .m.m.a.ExceptionHandlerExceptionResolver : ControllerAdvice beans: 1 @ExceptionHandler, 1 ResponseBodyAdvice
2025-06-27T02:14:53.595+07:00  INFO 178212 --- [demo] [  restartedMain] o.s.b.a.h2.H2ConsoleAutoConfiguration    : H2 console available at '/h2-console'. Database available at 'jdbc:sqlite:./data/ITSS_demo2.db'
2025-06-27T02:14:53.661+07:00  INFO 178212 --- [demo] [  restartedMain] o.s.b.d.a.OptionalLiveReloadServer       : LiveReload server is running on port 35729
2025-06-27T02:14:53.695+07:00  INFO 178212 --- [demo] [  restartedMain] o.s.b.w.embedded.tomcat.TomcatWebServer  : Tomcat started on port 8080 (http) with context path '/'
2025-06-27T02:14:53.703+07:00  INFO 178212 --- [demo] [  restartedMain] c.itss.ecommerce.EcommerceApplication    : Started EcommerceApplication in 7.024 seconds (process running for 7.458)
2025-06-27T02:14:54.604+07:00  INFO 178212 --- [demo] [nio-8080-exec-1] o.a.c.c.C.[Tomcat].[localhost].[/]       : Initializing Spring DispatcherServlet 'dispatcherServlet'
2025-06-27T02:14:54.605+07:00  INFO 178212 --- [demo] [nio-8080-exec-1] o.s.web.servlet.DispatcherServlet        : Initializing Servlet 'dispatcherServlet'
2025-06-27T02:14:54.605+07:00 DEBUG 178212 --- [demo] [nio-8080-exec-1] o.s.web.servlet.DispatcherServlet        : Detected StandardServletMultipartResolver
2025-06-27T02:14:54.605+07:00 DEBUG 178212 --- [demo] [nio-8080-exec-1] o.s.web.servlet.DispatcherServlet        : Detected AcceptHeaderLocaleResolver
2025-06-27T02:14:54.605+07:00 DEBUG 178212 --- [demo] [nio-8080-exec-1] o.s.web.servlet.DispatcherServlet        : Detected FixedThemeResolver
2025-06-27T02:14:54.606+07:00 DEBUG 178212 --- [demo] [nio-8080-exec-1] o.s.web.servlet.DispatcherServlet        : Detected org.springframework.web.servlet.view.DefaultRequestToViewNameTranslator@1869025e
2025-06-27T02:14:54.607+07:00 DEBUG 178212 --- [demo] [nio-8080-exec-1] o.s.web.servlet.DispatcherServlet        : Detected org.springframework.web.servlet.support.SessionFlashMapManager@189046f8
2025-06-27T02:14:54.607+07:00 DEBUG 178212 --- [demo] [nio-8080-exec-1] o.s.web.servlet.DispatcherServlet        : enableLoggingRequestDetails='false': request parameters and headers will be masked to prevent unsafe logging of potentially sensitive data
2025-06-27T02:14:54.607+07:00  INFO 178212 --- [demo] [nio-8080-exec-1] o.s.web.servlet.DispatcherServlet        : Completed initialization in 2 ms
2025-06-27T02:14:54.615+07:00 DEBUG 178212 --- [demo] [nio-8080-exec-1] o.s.web.servlet.DispatcherServlet        : GET "/api/products", parameters={}
2025-06-27T02:14:54.623+07:00 DEBUG 178212 --- [demo] [nio-8080-exec-1] s.w.s.m.m.a.RequestMappingHandlerMapping : Mapped to com.itss.ecommerce.controller.ProductController#getAllProducts()
2025-06-27T02:14:54.662+07:00  INFO 178212 --- [demo] [nio-8080-exec-1] c.i.e.controller.ProductController       : GET /api/products - Fetching all products
2025-06-27T02:14:54.667+07:00 DEBUG 178212 --- [demo] [nio-8080-exec-1] c.itss.ecommerce.service.ProductService  : Fetching all products
2025-06-27T02:14:54.722+07:00 DEBUG 178212 --- [demo] [nio-8080-exec-1] org.hibernate.SQL                        : 
    select
        p1_0.product_id,
        p1_0.type,
        p1_0.barcode,
        p1_0.condition,
        p1_0.created_at,
        p1_0.dimensions,
        p1_0.image_url,
        p1_0.import_date,
        p1_0.introduction,
        p1_0.price,
        p1_0.product_value,
        p1_0.quantity,
        p1_0.rush_order_supported,
        p1_0.title,
        p1_0.updated_at,
        p1_0.user_id,
        p1_0.weight,
        p1_1.authors,
        p1_1.cover_type,
        p1_1.genre,
        p1_1.page_count,
        p1_1.publication_date,
        p1_1.publishers,
        p1_2.artists,
        p1_2.genre,
        p1_2.record_label,
        p1_2.release_date,
        p1_2.track_list,
        p1_3.directors,
        p1_3.duration_minutes,
        p1_3.dvd_type,
        p1_3.genre,
        p1_3.rating,
        p1_3.release_date,
        p1_3.studio,
        p1_4.artist,
        p1_4.music_type,
        p1_4.record_label,
        p1_4.release_date,
        p1_4.rpm,
        p1_4.size_inches,
        p1_4.sleeve_condition,
        p1_4.tracklist,
        p1_4.vinyl_condition 
    from
        product p1_0 
    left join
        book p1_1 
            on p1_0.product_id=p1_1.product_id 
    left join
        cd p1_2 
            on p1_0.product_id=p1_2.product_id 
    left join
        dvd p1_3 
            on p1_0.product_id=p1_3.product_id 
    left join
        lp p1_4 
            on p1_0.product_id=p1_4.product_id
Hibernate: 
    select
        p1_0.product_id,
        p1_0.type,
        p1_0.barcode,
        p1_0.condition,
        p1_0.created_at,
        p1_0.dimensions,
        p1_0.image_url,
        p1_0.import_date,
        p1_0.introduction,
        p1_0.price,
        p1_0.product_value,
        p1_0.quantity,
        p1_0.rush_order_supported,
        p1_0.title,
        p1_0.updated_at,
        p1_0.user_id,
        p1_0.weight,
        p1_1.authors,
        p1_1.cover_type,
        p1_1.genre,
        p1_1.page_count,
        p1_1.publication_date,
        p1_1.publishers,
        p1_2.artists,
        p1_2.genre,
        p1_2.record_label,
        p1_2.release_date,
        p1_2.track_list,
        p1_3.directors,
        p1_3.duration_minutes,
        p1_3.dvd_type,
        p1_3.genre,
        p1_3.rating,
        p1_3.release_date,
        p1_3.studio,
        p1_4.artist,
        p1_4.music_type,
        p1_4.record_label,
        p1_4.release_date,
        p1_4.rpm,
        p1_4.size_inches,
        p1_4.sleeve_condition,
        p1_4.tracklist,
        p1_4.vinyl_condition 
    from
        product p1_0 
    left join
        book p1_1 
            on p1_0.product_id=p1_1.product_id 
    left join
        cd p1_2 
            on p1_0.product_id=p1_2.product_id 
    left join
        dvd p1_3 
            on p1_0.product_id=p1_3.product_id 
    left join
        lp p1_4 
            on p1_0.product_id=p1_4.product_id
2025-06-27T02:14:54.823+07:00 DEBUG 178212 --- [demo] [nio-8080-exec-1] o.s.w.s.m.m.a.HttpEntityMethodProcessor  : Using 'application/json', given [*/*] and supported [application/json, application/*+json]
2025-06-27T02:14:54.837+07:00 DEBUG 178212 --- [demo] [nio-8080-exec-1] o.s.w.s.m.m.a.HttpEntityMethodProcessor  : Writing [ApiResponse(success=true, message=Retrieved 9 products, data=[ProductDTO(productId=1, title=The Grea (truncated)...]
2025-06-27T02:14:54.867+07:00 DEBUG 178212 --- [demo] [nio-8080-exec-1] o.s.web.servlet.DispatcherServlet        : Completed 200 OK
